<?xml version="1.0" encoding="UTF-8"?>
<testsuite xmlns:xsi="http://www.w3.org/2001/XMLSchema-instance" xsi:noNamespaceSchemaLocation="https://maven.apache.org/surefire/maven-surefire-plugin/xsd/surefire-test-report-3.0.xsd" version="3.0" name="com.example.blogsystem.BlogSystemApplicationTests" time="7.138" tests="1" errors="0" skipped="0" failures="0">
  <properties>
[...]
</properties>
  <testcase name="contextLoads" classname="com.example.blogsystem.BlogSystemApplicationTests" time="0.528">
    <system-out><![CDATA[12:18:58.047 [main] INFO org.springframework.test.context.support.AnnotationConfigContextLoaderUtils -- Could not detect default configuration classes for test class [com.example.blogsystem.BlogSystemApplicationTests]: BlogSystemApplicationTests does not declare any static, non-private, non-final, nested classes annotated with @Configuration.
12:18:58.150 [main] INFO org.springframework.boot.test.context.SpringBootTestContextBootstrapper -- Found @SpringBootConfiguration com.example.blogsystem.BlogSystemApplication for test class com.example.blogsystem.BlogSystemApplicationTests
12:18:58.369 [main] INFO org.springframework.boot.devtools.restart.RestartApplicationListener -- Restart disabled due to context in which it is running

  .   ____          _            __ _ _
 /\\ / ___'_ __ _ _(_)_ __  __ _ \ \ \ \
( ( )\___ | '_ | '_| | '_ \/ _` | \ \ \ \
 \\/  ___)| |_)| | | | | || (_| |  ) ) ) )
  '  |____| .__|_| |_|_| |_\__, | / / / /
 =========|_|==============|___/=/_/_/_/
 :: Spring Boot ::                (v3.2.0)

2023-12-15T12:18:58.620-08:00  INFO 2204 --- [           main] c.e.b.BlogSystemApplicationTests         : Starting BlogSystemApplicationTests using Java 17.0.7 with PID 2204 (started by UFAZ in C:\Users\UFAZ\githubproject\Blog\Blog)
2023-12-15T12:18:58.622-08:00  INFO 2204 --- [           main] c.e.b.BlogSystemApplicationTests         : No active profile set, falling back to 1 default profile: "default"
2023-12-15T12:18:59.642-08:00  INFO 2204 --- [           main] .s.d.r.c.RepositoryConfigurationDelegate : Bootstrapping Spring Data JPA repositories in DEFAULT mode.
2023-12-15T12:18:59.721-08:00  INFO 2204 --- [           main] .s.d.r.c.RepositoryConfigurationDelegate : Finished Spring Data repository scanning in 66 ms. Found 2 JPA repository interfaces.
2023-12-15T12:19:00.230-08:00  INFO 2204 --- [           main] com.zaxxer.hikari.HikariDataSource       : HikariPool-1 - Starting...
2023-12-15T12:19:00.463-08:00  INFO 2204 --- [           main] com.zaxxer.hikari.pool.HikariPool        : HikariPool-1 - Added connection conn0: url=jdbc:h2:mem:mydb user=AYTAN
2023-12-15T12:19:00.464-08:00  INFO 2204 --- [           main] com.zaxxer.hikari.HikariDataSource       : HikariPool-1 - Start completed.
2023-12-15T12:19:00.530-08:00  INFO 2204 --- [           main] o.hibernate.jpa.internal.util.LogHelper  : HHH000204: Processing PersistenceUnitInfo [name: default]
2023-12-15T12:19:00.607-08:00  INFO 2204 --- [           main] org.hibernate.Version                    : HHH000412: Hibernate ORM core version 6.3.1.Final
2023-12-15T12:19:00.674-08:00  INFO 2204 --- [           main] o.h.c.internal.RegionFactoryInitiator    : HHH000026: Second-level cache disabled
2023-12-15T12:19:01.071-08:00  INFO 2204 --- [           main] o.s.o.j.p.SpringPersistenceUnitInfo      : No LoadTimeWeaver setup: ignoring JPA class transformer
2023-12-15T12:19:02.096-08:00  INFO 2204 --- [           main] o.h.e.t.j.p.i.JtaPlatformInitiator       : HHH000489: No JTA platform available (set 'hibernate.transaction.jta.platform' to enable JTA platform integration)
Hibernate: drop table if exists blog cascade 
Hibernate: drop table if exists users cascade 
Hibernate: drop sequence if exists blog_seq
Hibernate: drop sequence if exists users_seq
Hibernate: create sequence blog_seq start with 1 increment by 50
Hibernate: create sequence users_seq start with 1 increment by 50
Hibernate: create table blog (id integer not null, user_id integer, content varchar(255), header varchar(255), primary key (id))
Hibernate: create table users (age date, id integer not null, full_name varchar(255), primary key (id))
Hibernate: alter table if exists blog add constraint FKkr2fy24puc3x3sdnla4r1iok1 foreign key (user_id) references users
2023-12-15T12:19:02.137-08:00  INFO 2204 --- [           main] j.LocalContainerEntityManagerFactoryBean : Initialized JPA EntityManagerFactory for persistence unit 'default'
2023-12-15T12:19:02.864-08:00  WARN 2204 --- [           main] JpaBaseConfiguration$JpaWebConfiguration : spring.jpa.open-in-view is enabled by default. Therefore, database queries may be performed during view rendering. Explicitly configure spring.jpa.open-in-view to disable this warning
2023-12-15T12:19:04.421-08:00  INFO 2204 --- [           main] c.e.b.BlogSystemApplicationTests         : Started BlogSystemApplicationTests in 6.068 seconds (process running for 7.2)
]]></system-out>
  </testcase>
</testsuite>